Fri Apr 20 10:29:39 SGT 2018 : Apache Derby Network Server - 10.11.1.2 - (1629631) started and ready to accept connections on port 1527
----------------------------------------------------------------
Fri Apr 20 10:29:40 SGT 2018:
Booting Derby version The Apache Software Foundation - Apache Derby - 10.11.1.2 - (1629631): instance a816c00e-0162-e0e2-c0c2-ffffcbd39d91 
on database directory C:\Users\isaia\Desktop\Java\Accounting\db\accounting with class loader sun.misc.Launcher$AppClassLoader@194fa3e 
Loaded from file:/C:/Program%20Files/Java/jdk1.8.0_131/db/lib/derby.jar
java.vendor=Oracle Corporation
java.runtime.version=1.8.0_131-b11
user.dir=C:\Program Files\Java\jdk1.8.0_131\db
os.name=Windows 10
os.arch=x86
os.version=10.0
derby.system.home=C:\Users\isaia\Desktop\Java\Accounting\db
Database Class Loader started - derby.database.classpath=''
----------------------------------------------------------------
Fri Apr 20 10:29:42 SGT 2018:
Shutting down instance a816c00e-0162-e0e2-c0c2-ffffcbd39d91 on database directory C:\Users\isaia\Desktop\Java\Accounting\db\accounting with class loader sun.misc.Launcher$AppClassLoader@194fa3e 
Fri Apr 20 10:29:42 SGT 2018 Thread[DRDAConnThread_3,5,main] (DATABASE = accounting), (DRDAID = {2}), Database 'accounting' shutdown.
----------------------------------------------------------------
Fri Apr 20 10:29:46 SGT 2018:
Booting Derby version The Apache Software Foundation - Apache Derby - 10.11.1.2 - (1629631): instance a65c80ac-0162-e0e2-c0c2-ffffcbd39d91 
on database directory C:\Users\isaia\Desktop\Java\Accounting\db\accounting with class loader sun.misc.Launcher$AppClassLoader@194fa3e 
Loaded from file:/C:/Program%20Files/Java/jdk1.8.0_131/db/lib/derby.jar
java.vendor=Oracle Corporation
java.runtime.version=1.8.0_131-b11
user.dir=C:\Program Files\Java\jdk1.8.0_131\db
os.name=Windows 10
os.arch=x86
os.version=10.0
derby.system.home=C:\Users\isaia\Desktop\Java\Accounting\db
Database Class Loader started - derby.database.classpath=''
